<?xml version="1.0"?><coverage lines-covered="428" lines-valid="759" line-rate="0.5638998682476943" branches-covered="0" branches-valid="0" branch-rate="0" complexity="0" version="1.9" timestamp="1753792733"><sources><source>/Users/admin/Coder/Own/authentication-service</source></sources><packages><package name="src" line-rate="0.5638998682476943" branch-rate="0" complexity="0"><classes><class name="lib" filename="src/lib.rs" line-rate="0.6150627615062761" branch-rate="0" complexity="0"><methods/><lines><line number="81" hits="42"/><line number="82" hits="18446744073709551524"/><line number="83" hits="570"/><line number="85" hits="0"/><line number="86" hits="0"/><line number="87" hits="0"/><line number="98" hits="0"/><line number="113" hits="0"/><line number="114" hits="0"/><line number="118" hits="0"/><line number="119" hits="0"/><line number="120" hits="0"/><line number="121" hits="0"/><line number="122" hits="0"/><line number="123" hits="0"/><line number="150" hits="2"/><line number="151" hits="2"/><line number="155" hits="0"/><line number="156" hits="0"/><line number="157" hits="0"/><line number="161" hits="0"/><line number="162" hits="0"/><line number="163" hits="0"/><line number="167" hits="2"/><line number="168" hits="0"/><line number="208" hits="0"/><line number="209" hits="0"/><line number="210" hits="0"/><line number="211" hits="0"/><line number="212" hits="0"/><line number="213" hits="0"/><line number="215" hits="0"/><line number="218" hits="6"/><line number="219" hits="6"/><line number="220" hits="6"/><line number="221" hits="6"/><line number="222" hits="6"/><line number="223" hits="6"/><line number="224" hits="6"/><line number="225" hits="6"/><line number="226" hits="6"/><line number="227" hits="6"/><line number="228" hits="6"/><line number="229" hits="3"/><line number="230" hits="3"/><line number="235" hits="2"/><line number="244" hits="4"/><line number="245" hits="6"/><line number="246" hits="2"/><line number="248" hits="2"/><line number="250" hits="0"/><line number="251" hits="0"/><line number="252" hits="0"/><line number="253" hits="0"/><line number="255" hits="0"/><line number="257" hits="6"/><line number="258" hits="9"/><line number="259" hits="3"/><line number="261" hits="3"/><line number="263" hits="6"/><line number="264" hits="9"/><line number="265" hits="6"/><line number="266" hits="3"/><line number="268" hits="3"/><line number="270" hits="0"/><line number="271" hits="0"/><line number="272" hits="0"/><line number="273" hits="0"/><line number="275" hits="0"/><line number="277" hits="4"/><line number="278" hits="6"/><line number="279" hits="2"/><line number="281" hits="2"/><line number="283" hits="4"/><line number="285" hits="4"/><line number="286" hits="4"/><line number="287" hits="2"/><line number="290" hits="2"/><line number="292" hits="0"/><line number="294" hits="0"/><line number="296" hits="0"/><line number="298" hits="6"/><line number="299" hits="9"/><line number="300" hits="3"/><line number="302" hits="3"/><line number="304" hits="6"/><line number="305" hits="9"/><line number="306" hits="3"/><line number="308" hits="3"/><line number="310" hits="0"/><line number="311" hits="0"/><line number="312" hits="0"/><line number="314" hits="0"/><line number="316" hits="4"/><line number="317" hits="6"/><line number="318" hits="2"/><line number="320" hits="2"/><line number="322" hits="4"/><line number="324" hits="4"/><line number="326" hits="2"/><line number="328" hits="0"/><line number="330" hits="0"/><line number="332" hits="0"/><line number="334" hits="6"/><line number="336" hits="6"/><line number="338" hits="3"/><line number="340" hits="6"/><line number="342" hits="6"/><line number="344" hits="3"/><line number="346" hits="0"/><line number="347" hits="0"/><line number="348" hits="0"/><line number="350" hits="0"/><line number="352" hits="6"/><line number="354" hits="6"/><line number="355" hits="6"/><line number="356" hits="3"/><line number="359" hits="3"/><line number="361" hits="6"/><line number="362" hits="9"/><line number="363" hits="3"/><line number="365" hits="3"/><line number="367" hits="0"/><line number="368" hits="0"/><line number="369" hits="0"/><line number="371" hits="0"/><line number="373" hits="6"/><line number="374" hits="9"/><line number="375" hits="3"/><line number="377" hits="3"/><line number="379" hits="6"/><line number="380" hits="3"/><line number="381" hits="3"/><line number="383" hits="0"/><line number="384" hits="0"/><line number="385" hits="0"/><line number="386" hits="0"/><line number="388" hits="0"/><line number="390" hits="6"/><line number="391" hits="9"/><line number="392" hits="3"/><line number="394" hits="3"/><line number="396" hits="6"/><line number="398" hits="6"/><line number="400" hits="3"/><line number="402" hits="0"/><line number="403" hits="0"/><line number="404" hits="0"/><line number="406" hits="0"/><line number="408" hits="6"/><line number="409" hits="9"/><line number="410" hits="3"/><line number="412" hits="3"/><line number="414" hits="6"/><line number="415" hits="9"/><line number="416" hits="3"/><line number="418" hits="3"/><line number="422" hits="2"/><line number="430" hits="0"/><line number="431" hits="0"/><line number="432" hits="0"/><line number="433" hits="0"/><line number="434" hits="0"/><line number="436" hits="0"/><line number="438" hits="6"/><line number="439" hits="9"/><line number="440" hits="6"/><line number="441" hits="6"/><line number="442" hits="3"/><line number="444" hits="3"/><line number="446" hits="6"/><line number="447" hits="9"/><line number="448" hits="3"/><line number="450" hits="3"/><line number="452" hits="0"/><line number="453" hits="0"/><line number="454" hits="0"/><line number="455" hits="0"/><line number="456" hits="0"/><line number="458" hits="0"/><line number="460" hits="4"/><line number="461" hits="6"/><line number="462" hits="4"/><line number="463" hits="2"/><line number="465" hits="2"/><line number="467" hits="4"/><line number="468" hits="6"/><line number="469" hits="4"/><line number="470" hits="2"/><line number="472" hits="2"/><line number="474" hits="0"/><line number="475" hits="0"/><line number="476" hits="0"/><line number="477" hits="0"/><line number="479" hits="0"/><line number="481" hits="6"/><line number="483" hits="6"/><line number="484" hits="6"/><line number="485" hits="6"/><line number="486" hits="3"/><line number="489" hits="3"/><line number="491" hits="6"/><line number="492" hits="3"/><line number="493" hits="3"/><line number="495" hits="0"/><line number="496" hits="0"/><line number="497" hits="0"/><line number="499" hits="0"/><line number="501" hits="6"/><line number="503" hits="6"/><line number="505" hits="3"/><line number="507" hits="6"/><line number="508" hits="9"/><line number="509" hits="3"/><line number="511" hits="3"/><line number="513" hits="0"/><line number="514" hits="0"/><line number="515" hits="0"/><line number="517" hits="0"/><line number="519" hits="6"/><line number="520" hits="9"/><line number="521" hits="3"/><line number="523" hits="3"/><line number="525" hits="6"/><line number="527" hits="6"/><line number="529" hits="3"/><line number="531" hits="0"/><line number="532" hits="0"/><line number="533" hits="0"/><line number="535" hits="0"/><line number="537" hits="6"/><line number="538" hits="9"/><line number="539" hits="6"/><line number="540" hits="3"/><line number="542" hits="3"/><line number="544" hits="6"/><line number="545" hits="9"/><line number="546" hits="3"/><line number="548" hits="3"/></lines></class><class name="test_utils" filename="src/test_utils.rs" line-rate="0.571753986332574" branch-rate="0" complexity="0"><methods/><lines><line number="39" hits="0"/><line number="41" hits="0"/><line number="42" hits="0"/><line number="43" hits="0"/><line number="44" hits="0"/><line number="49" hits="0"/><line number="50" hits="0"/><line number="52" hits="0"/><line number="53" hits="0"/><line number="55" hits="0"/><line number="62" hits="14"/><line number="69" hits="56"/><line number="71" hits="42"/><line number="72" hits="42"/><line number="81" hits="14"/><line number="86" hits="42"/><line number="92" hits="0"/><line number="97" hits="0"/><line number="103" hits="0"/><line number="108" hits="0"/><line number="114" hits="158"/><line number="116" hits="474"/><line number="117" hits="474"/><line number="118" hits="158"/><line number="124" hits="158"/><line number="125" hits="790"/><line number="126" hits="316"/><line number="127" hits="316"/><line number="128" hits="316"/><line number="129" hits="316"/><line number="130" hits="316"/><line number="131" hits="316"/><line number="132" hits="316"/><line number="134" hits="158"/><line number="138" hits="0"/><line number="139" hits="0"/><line number="140" hits="0"/><line number="141" hits="0"/><line number="142" hits="0"/><line number="143" hits="0"/><line number="144" hits="0"/><line number="146" hits="0"/><line number="150" hits="0"/><line number="151" hits="0"/><line number="155" hits="0"/><line number="163" hits="0"/><line number="164" hits="0"/><line number="165" hits="0"/><line number="173" hits="0"/><line number="175" hits="0"/><line number="176" hits="0"/><line number="177" hits="0"/><line number="178" hits="0"/><line number="184" hits="0"/><line number="186" hits="0"/><line number="187" hits="0"/><line number="188" hits="0"/><line number="189" hits="0"/><line number="195" hits="0"/><line number="196" hits="0"/><line number="197" hits="0"/><line number="198" hits="0"/><line number="199" hits="0"/><line number="200" hits="0"/><line number="201" hits="0"/><line number="202" hits="0"/><line number="204" hits="0"/><line number="205" hits="0"/><line number="206" hits="0"/><line number="207" hits="0"/><line number="208" hits="0"/><line number="209" hits="0"/><line number="211" hits="0"/><line number="212" hits="0"/><line number="213" hits="0"/><line number="214" hits="0"/><line number="215" hits="0"/><line number="216" hits="0"/><line number="218" hits="0"/><line number="219" hits="0"/><line number="220" hits="0"/><line number="221" hits="0"/><line number="222" hits="0"/><line number="223" hits="0"/><line number="225" hits="0"/><line number="226" hits="0"/><line number="227" hits="0"/><line number="228" hits="0"/><line number="229" hits="0"/><line number="230" hits="0"/><line number="232" hits="0"/><line number="233" hits="0"/><line number="234" hits="0"/><line number="235" hits="0"/><line number="236" hits="0"/><line number="237" hits="0"/><line number="243" hits="86"/><line number="245" hits="258"/><line number="246" hits="258"/><line number="247" hits="172"/><line number="255" hits="86"/><line number="264" hits="0"/><line number="272" hits="0"/><line number="273" hits="0"/><line number="276" hits="0"/><line number="277" hits="0"/><line number="282" hits="0"/><line number="283" hits="0"/><line number="284" hits="0"/><line number="285" hits="0"/><line number="286" hits="0"/><line number="287" hits="0"/><line number="289" hits="0"/><line number="290" hits="0"/><line number="291" hits="0"/><line number="292" hits="0"/><line number="300" hits="0"/><line number="301" hits="0"/><line number="306" hits="5"/><line number="307" hits="10"/><line number="308" hits="5"/><line number="309" hits="5"/><line number="310" hits="5"/><line number="311" hits="5"/><line number="312" hits="5"/><line number="313" hits="5"/><line number="314" hits="5"/><line number="315" hits="15"/><line number="320" hits="10"/><line number="321" hits="5"/><line number="322" hits="5"/><line number="323" hits="5"/><line number="324" hits="20"/><line number="327" hits="10"/><line number="328" hits="5"/><line number="329" hits="5"/><line number="330" hits="5"/><line number="331" hits="5"/><line number="332" hits="5"/><line number="336" hits="10"/><line number="337" hits="10"/><line number="338" hits="10"/><line number="339" hits="10"/><line number="340" hits="10"/><line number="341" hits="10"/><line number="342" hits="10"/><line number="346" hits="15"/><line number="348" hits="10"/><line number="349" hits="5"/><line number="350" hits="5"/><line number="351" hits="5"/><line number="352" hits="5"/><line number="353" hits="5"/><line number="354" hits="5"/><line number="355" hits="10"/><line number="356" hits="15"/><line number="357" hits="15"/><line number="358" hits="5"/><line number="363" hits="20"/><line number="367" hits="0"/><line number="368" hits="0"/><line number="369" hits="0"/><line number="372" hits="0"/><line number="373" hits="0"/><line number="378" hits="281"/><line number="379" hits="1025"/><line number="380" hits="205"/><line number="382" hits="1025"/><line number="383" hits="615"/><line number="384" hits="615"/><line number="385" hits="615"/><line number="386" hits="615"/><line number="387" hits="615"/><line number="390" hits="410"/><line number="391" hits="68"/><line number="392" hits="18446744073709551513"/><line number="393" hits="34"/><line number="394" hits="34"/><line number="400" hits="0"/><line number="401" hits="136"/><line number="402" hits="204"/><line number="403" hits="408"/><line number="405" hits="206"/><line number="406" hits="18446744073709551548"/><line number="416" hits="204"/><line number="417" hits="68"/><line number="418" hits="18446744073709547264"/><line number="424" hits="8704"/><line number="425" hits="13124"/><line number="428" hits="8704"/><line number="429" hits="13056"/><line number="433" hits="0"/><line number="434" hits="0"/><line number="435" hits="0"/><line number="436" hits="0"/><line number="437" hits="0"/><line number="438" hits="0"/><line number="443" hits="5"/><line number="445" hits="20"/><line number="446" hits="15"/><line number="447" hits="15"/><line number="448" hits="15"/><line number="449" hits="15"/><line number="450" hits="5"/><line number="455" hits="0"/><line number="456" hits="0"/><line number="460" hits="4"/><line number="461" hits="2"/><line number="462" hits="18446744073709551485"/><line number="463" hits="4"/><line number="464" hits="4"/><line number="465" hits="2"/><line number="472" hits="0"/><line number="488" hits="0"/><line number="490" hits="0"/><line number="491" hits="0"/><line number="492" hits="0"/><line number="495" hits="0"/><line number="498" hits="0"/><line number="501" hits="0"/><line number="502" hits="4"/><line number="504" hits="0"/><line number="505" hits="0"/><line number="506" hits="0"/><line number="512" hits="2"/><line number="524" hits="2"/><line number="526" hits="4"/><line number="527" hits="4"/><line number="528" hits="4"/><line number="531" hits="4"/><line number="534" hits="8"/><line number="538" hits="2"/><line number="539" hits="2"/><line number="540" hits="4"/><line number="546" hits="0"/><line number="547" hits="0"/><line number="551" hits="0"/><line number="552" hits="0"/><line number="556" hits="0"/><line number="557" hits="0"/><line number="561" hits="0"/><line number="569" hits="0"/><line number="571" hits="0"/><line number="572" hits="0"/><line number="575" hits="0"/><line number="577" hits="148"/><line number="579" hits="148"/><line number="580" hits="148"/><line number="581" hits="74"/><line number="584" hits="74"/><line number="586" hits="148"/><line number="588" hits="148"/><line number="589" hits="74"/><line number="592" hits="74"/><line number="594" hits="0"/><line number="596" hits="0"/><line number="598" hits="0"/><line number="600" hits="4"/><line number="602" hits="4"/><line number="603" hits="4"/><line number="604" hits="2"/><line number="607" hits="2"/><line number="609" hits="4"/><line number="611" hits="4"/><line number="612" hits="2"/><line number="615" hits="2"/><line number="617" hits="0"/><line number="619" hits="0"/><line number="621" hits="0"/><line number="623" hits="102"/><line number="625" hits="102"/><line number="626" hits="51"/><line number="629" hits="51"/><line number="631" hits="102"/><line number="633" hits="102"/><line number="635" hits="51"/><line number="637" hits="0"/><line number="639" hits="0"/><line number="640" hits="0"/><line number="643" hits="0"/><line number="645" hits="148"/><line number="647" hits="148"/><line number="648" hits="148"/><line number="649" hits="74"/><line number="652" hits="74"/><line number="654" hits="148"/><line number="656" hits="148"/><line number="657" hits="148"/><line number="658" hits="74"/><line number="661" hits="74"/><line number="663" hits="0"/><line number="665" hits="0"/><line number="666" hits="0"/><line number="669" hits="0"/><line number="671" hits="4"/><line number="673" hits="4"/><line number="674" hits="2"/><line number="677" hits="2"/><line number="679" hits="4"/><line number="681" hits="4"/><line number="682" hits="2"/><line number="685" hits="2"/><line number="687" hits="0"/><line number="689" hits="0"/><line number="690" hits="0"/><line number="693" hits="0"/><line number="695" hits="102"/><line number="697" hits="102"/><line number="698" hits="51"/><line number="701" hits="51"/><line number="703" hits="102"/><line number="705" hits="102"/><line number="706" hits="51"/><line number="709" hits="51"/><line number="713" hits="0"/><line number="721" hits="0"/><line number="723" hits="0"/><line number="724" hits="0"/><line number="725" hits="0"/><line number="726" hits="0"/><line number="729" hits="0"/><line number="731" hits="4"/><line number="733" hits="4"/><line number="734" hits="4"/><line number="735" hits="2"/><line number="738" hits="2"/><line number="740" hits="4"/><line number="742" hits="4"/><line number="743" hits="4"/><line number="744" hits="2"/><line number="747" hits="2"/><line number="749" hits="0"/><line number="751" hits="0"/><line number="752" hits="0"/><line number="753" hits="0"/><line number="754" hits="0"/><line number="757" hits="0"/><line number="759" hits="6"/><line number="761" hits="6"/><line number="762" hits="6"/><line number="763" hits="3"/><line number="766" hits="3"/><line number="768" hits="6"/><line number="770" hits="6"/><line number="771" hits="6"/><line number="772" hits="3"/><line number="775" hits="3"/><line number="777" hits="0"/><line number="779" hits="0"/><line number="780" hits="0"/><line number="783" hits="0"/><line number="785" hits="6"/><line number="787" hits="6"/><line number="788" hits="3"/><line number="791" hits="3"/><line number="793" hits="6"/><line number="795" hits="6"/><line number="797" hits="3"/><line number="799" hits="0"/><line number="801" hits="0"/><line number="802" hits="0"/><line number="805" hits="0"/><line number="807" hits="6"/><line number="809" hits="6"/><line number="810" hits="3"/><line number="813" hits="3"/><line number="815" hits="6"/><line number="817" hits="6"/><line number="818" hits="3"/><line number="821" hits="3"/><line number="823" hits="0"/><line number="825" hits="0"/><line number="826" hits="0"/><line number="829" hits="0"/><line number="831" hits="6"/><line number="833" hits="6"/><line number="834" hits="3"/><line number="837" hits="3"/><line number="841" hits="136"/><line number="842" hits="136"/><line number="845" hits="136"/><line number="846" hits="136"/><line number="847" hits="136"/><line number="848" hits="136"/><line number="849" hits="136"/><line number="850" hits="136"/><line number="851" hits="272"/><line number="853" hits="408"/><line number="854" hits="408"/><line number="855" hits="408"/><line number="856" hits="408"/><line number="858" hits="408"/><line number="859" hits="408"/><line number="863" hits="272"/><line number="864" hits="272"/><line number="865" hits="272"/><line number="866" hits="272"/><line number="867" hits="272"/><line number="868" hits="136"/><line number="870" hits="136"/><line number="873" hits="0"/><line number="874" hits="0"/><line number="875" hits="0"/><line number="876" hits="0"/><line number="877" hits="0"/><line number="878" hits="0"/><line number="880" hits="0"/><line number="882" hits="0"/><line number="899" hits="4"/><line number="900" hits="2"/><line number="902" hits="4"/><line number="904" hits="2"/><line number="905" hits="2"/><line number="906" hits="2"/><line number="907" hits="2"/><line number="908" hits="2"/><line number="909" hits="2"/><line number="910" hits="2"/><line number="912" hits="6"/><line number="913" hits="6"/><line number="914" hits="6"/><line number="915" hits="6"/><line number="917" hits="6"/><line number="918" hits="6"/><line number="922" hits="4"/><line number="923" hits="4"/><line number="924" hits="4"/><line number="925" hits="4"/><line number="926" hits="4"/><line number="927" hits="2"/><line number="929" hits="2"/><line number="932" hits="0"/><line number="933" hits="0"/><line number="934" hits="0"/><line number="935" hits="0"/><line number="936" hits="0"/><line number="937" hits="0"/><line number="939" hits="0"/><line number="941" hits="0"/></lines></class></classes></package><package name="src/domain" line-rate="0.37037037037037035" branch-rate="0" complexity="0"><classes><class name="audit" filename="src/domain/audit.rs" line-rate="0.6363636363636364" branch-rate="0" complexity="0"><methods/><lines><line number="44" hits="743"/><line number="51" hits="2229"/><line number="52" hits="1486"/><line number="63" hits="64"/><line number="64" hits="128"/><line number="65" hits="64"/><line number="66" hits="64"/><line number="69" hits="0"/><line number="70" hits="0"/><line number="71" hits="0"/><line number="72" hits="0"/></lines></class><class name="permission" filename="src/domain/permission.rs" line-rate="1" branch-rate="0" complexity="0"><methods/><lines><line number="14" hits="1"/><line number="20" hits="1"/><line number="26" hits="64"/><line number="27" hits="128"/><line number="28" hits="64"/><line number="32" hits="64"/><line number="33" hits="128"/><line number="34" hits="64"/><line number="38" hits="64"/><line number="39" hits="128"/><line number="40" hits="64"/><line number="44" hits="1"/><line number="45" hits="1"/><line number="49" hits="1"/><line number="50" hits="1"/></lines></class><class name="permission_group" filename="src/domain/permission_group.rs" line-rate="0.4" branch-rate="0" complexity="0"><methods/><lines><line number="16" hits="1"/><line number="22" hits="1"/><line number="28" hits="0"/><line number="29" hits="0"/><line number="30" hits="0"/><line number="34" hits="0"/><line number="35" hits="0"/><line number="36" hits="0"/><line number="40" hits="0"/><line number="41" hits="0"/><line number="42" hits="0"/><line number="46" hits="1"/><line number="47" hits="1"/><line number="51" hits="1"/><line number="52" hits="1"/></lines></class><class name="role" filename="src/domain/role.rs" line-rate="0.07692307692307693" branch-rate="0" complexity="0"><methods/><lines><line number="12" hits="0"/><line number="13" hits="0"/><line number="14" hits="0"/><line number="19" hits="0"/><line number="20" hits="74"/><line number="24" hits="0"/><line number="25" hits="0"/><line number="29" hits="0"/><line number="30" hits="0"/><line number="34" hits="0"/><line number="35" hits="0"/><line number="40" hits="0"/><line number="41" hits="0"/></lines></class><class name="token" filename="src/domain/token.rs" line-rate="0" branch-rate="0" complexity="0"><methods/><lines><line number="19" hits="0"/><line number="20" hits="0"/><line number="24" hits="0"/><line number="25" hits="0"/><line number="29" hits="0"/><line number="30" hits="0"/></lines></class><class name="user" filename="src/domain/user.rs" line-rate="0.047619047619047616" branch-rate="0" complexity="0"><methods/><lines><line number="16" hits="0"/><line number="21" hits="0"/><line number="28" hits="0"/><line number="29" hits="0"/><line number="33" hits="0"/><line number="34" hits="0"/><line number="38" hits="0"/><line number="39" hits="0"/><line number="40" hits="0"/><line number="45" hits="0"/><line number="46" hits="74"/><line number="50" hits="0"/><line number="51" hits="0"/><line number="55" hits="0"/><line number="56" hits="0"/><line number="60" hits="0"/><line number="61" hits="0"/><line number="65" hits="0"/><line number="66" hits="0"/><line number="70" hits="0"/><line number="71" hits="0"/></lines></class></classes></package></packages></coverage>