<?xml version="1.0"?><coverage lines-covered="415" lines-valid="706" line-rate="0.5878186968838527" branches-covered="0" branches-valid="0" branch-rate="0" complexity="0" version="1.9" timestamp="1753464575"><sources><source>/Users/admin/Coder/Own/authentication-service</source></sources><packages><package name="tests" line-rate="0" branch-rate="0" complexity="0"><classes></classes></package><package name="src/application" line-rate="0.5510204081632653" branch-rate="0" complexity="0"><classes><class name="handlers" filename="src/application/handlers.rs" line-rate="1" branch-rate="0" complexity="0"><methods/><lines><line number="13" hits="16"/></lines></class><class name="services" filename="src/application/services.rs" line-rate="0.5416666666666666" branch-rate="0" complexity="0"><methods/><lines><line number="17" hits="5"/><line number="18" hits="5"/><line number="19" hits="10"/><line number="20" hits="5"/><line number="53" hits="20"/><line number="80" hits="20"/><line number="81" hits="80"/><line number="88" hits="15"/><line number="135" hits="23"/><line number="136" hits="23"/><line number="138" hits="23"/><line number="139" hits="23"/><line number="140" hits="23"/><line number="142" hits="0"/><line number="148" hits="4"/><line number="188" hits="34"/><line number="195" hits="54"/><line number="196" hits="18"/><line number="197" hits="23"/><line number="198" hits="10"/><line number="199" hits="0"/><line number="200" hits="15"/><line number="201" hits="10"/><line number="202" hits="10"/><line number="203" hits="5"/><line number="204" hits="0"/><line number="205" hits="5"/><line number="211" hits="13"/><line number="212" hits="0"/><line number="213" hits="0"/><line number="214" hits="0"/><line number="216" hits="0"/><line number="219" hits="13"/><line number="222" hits="0"/><line number="229" hits="0"/><line number="230" hits="0"/><line number="232" hits="0"/><line number="233" hits="0"/><line number="234" hits="0"/><line number="235" hits="0"/><line number="236" hits="0"/><line number="237" hits="0"/><line number="238" hits="0"/><line number="241" hits="0"/><line number="242" hits="0"/><line number="246" hits="0"/><line number="247" hits="0"/><line number="251" hits="0"/></lines></class></classes></package><package name="src" line-rate="0.5878186968838527" branch-rate="0" complexity="0"><classes><class name="lib" filename="src/lib.rs" line-rate="1" branch-rate="0" complexity="0"><methods/><lines><line number="6" hits="1"/><line number="7" hits="1"/></lines></class><class name="main" filename="src/main.rs" line-rate="0" branch-rate="0" complexity="0"><methods/><lines><line number="105" hits="0"/><line number="107" hits="0"/><line number="109" hits="0"/><line number="110" hits="0"/><line number="111" hits="0"/><line number="112" hits="0"/><line number="113" hits="0"/><line number="128" hits="0"/><line number="129" hits="0"/><line number="130" hits="0"/><line number="132" hits="0"/><line number="133" hits="0"/><line number="134" hits="0"/><line number="135" hits="0"/><line number="139" hits="0"/><line number="140" hits="0"/><line number="141" hits="0"/><line number="142" hits="0"/><line number="147" hits="0"/><line number="148" hits="0"/><line number="149" hits="0"/><line number="150" hits="0"/><line number="151" hits="0"/><line number="152" hits="0"/><line number="154" hits="0"/><line number="155" hits="0"/><line number="156" hits="0"/><line number="157" hits="0"/><line number="158" hits="0"/><line number="159" hits="0"/><line number="160" hits="0"/><line number="161" hits="0"/><line number="162" hits="0"/><line number="163" hits="0"/><line number="164" hits="0"/><line number="165" hits="0"/><line number="166" hits="0"/><line number="167" hits="0"/><line number="168" hits="0"/><line number="169" hits="0"/><line number="173" hits="0"/><line number="174" hits="0"/><line number="175" hits="0"/><line number="176" hits="0"/><line number="177" hits="0"/><line number="178" hits="0"/><line number="179" hits="0"/><line number="180" hits="0"/><line number="181" hits="0"/><line number="182" hits="0"/><line number="185" hits="0"/><line number="186" hits="0"/><line number="187" hits="0"/><line number="189" hits="0"/><line number="191" hits="0"/><line number="192" hits="0"/><line number="193" hits="0"/><line number="194" hits="0"/><line number="195" hits="0"/><line number="196" hits="0"/><line number="197" hits="0"/><line number="198" hits="0"/><line number="199" hits="0"/><line number="202" hits="0"/><line number="204" hits="0"/><line number="205" hits="0"/><line number="206" hits="0"/><line number="209" hits="0"/><line number="213" hits="0"/><line number="215" hits="0"/><line number="216" hits="0"/><line number="217" hits="0"/><line number="220" hits="0"/><line number="224" hits="0"/><line number="226" hits="0"/><line number="227" hits="0"/><line number="230" hits="0"/><line number="231" hits="0"/><line number="232" hits="0"/><line number="233" hits="0"/><line number="234" hits="0"/><line number="235" hits="0"/><line number="236" hits="0"/><line number="239" hits="0"/><line number="240" hits="0"/><line number="241" hits="0"/></lines></class></classes></package><package name="src/domain" line-rate="1" branch-rate="0" complexity="0"><classes><class name="permission" filename="src/domain/permission.rs" line-rate="1" branch-rate="0" complexity="0"><methods/><lines><line number="10" hits="11"/></lines></class><class name="role" filename="src/domain/role.rs" line-rate="1" branch-rate="0" complexity="0"><methods/><lines><line number="11" hits="11"/><line number="12" hits="31"/><line number="13" hits="9"/><line number="18" hits="5"/><line number="19" hits="26"/></lines></class><class name="token" filename="src/domain/token.rs" line-rate="1" branch-rate="0" complexity="0"><methods/><lines><line number="19" hits="5"/><line number="20" hits="5"/><line number="24" hits="4"/><line number="25" hits="6"/><line number="29" hits="4"/><line number="30" hits="6"/></lines></class><class name="user" filename="src/domain/user.rs" line-rate="1" branch-rate="0" complexity="0"><methods/><lines><line number="15" hits="30"/><line number="16" hits="90"/><line number="20" hits="27"/><line number="21" hits="27"/><line number="25" hits="18"/><line number="26" hits="51"/><line number="27" hits="15"/><line number="32" hits="8"/><line number="33" hits="42"/><line number="37" hits="5"/><line number="38" hits="5"/><line number="42" hits="5"/><line number="43" hits="5"/></lines></class></classes></package><package name="src/infrastructure" line-rate="0.7304347826086957" branch-rate="0" complexity="0"><classes><class name="abac_policy_repository" filename="src/infrastructure/abac_policy_repository.rs" line-rate="0.9074074074074074" branch-rate="0" complexity="0"><methods/><lines><line number="15" hits="46"/><line number="17" hits="138"/><line number="18" hits="138"/><line number="19" hits="46"/><line number="25" hits="0"/><line number="26" hits="0"/><line number="32" hits="12"/><line number="33" hits="24"/><line number="34" hits="30"/><line number="35" hits="6"/><line number="37" hits="0"/><line number="38" hits="0"/><line number="39" hits="0"/><line number="41" hits="16"/><line number="42" hits="32"/><line number="43" hits="16"/><line number="45" hits="8"/><line number="46" hits="16"/><line number="47" hits="8"/><line number="49" hits="16"/><line number="50" hits="12"/><line number="51" hits="8"/><line number="53" hits="16"/><line number="54" hits="10"/><line number="55" hits="4"/><line number="57" hits="4"/><line number="59" hits="8"/><line number="60" hits="16"/><line number="61" hits="20"/><line number="62" hits="16"/><line number="63" hits="4"/><line number="65" hits="4"/><line number="67" hits="4"/><line number="68" hits="8"/><line number="69" hits="10"/><line number="70" hits="8"/><line number="71" hits="2"/><line number="73" hits="2"/><line number="75" hits="8"/><line number="76" hits="16"/><line number="77" hits="16"/><line number="78" hits="20"/><line number="79" hits="4"/><line number="80" hits="4"/><line number="81" hits="10"/><line number="82" hits="4"/><line number="84" hits="8"/><line number="85" hits="16"/><line number="86" hits="16"/><line number="87" hits="20"/><line number="88" hits="4"/><line number="89" hits="4"/><line number="90" hits="10"/><line number="91" hits="4"/></lines></class><class name="mod" filename="src/infrastructure/mod.rs" line-rate="0.6865671641791045" branch-rate="0" complexity="0"><methods/><lines><line number="68" hits="44"/><line number="70" hits="132"/><line number="71" hits="44"/><line number="77" hits="0"/><line number="78" hits="0"/><line number="84" hits="10"/><line number="86" hits="15"/><line number="87" hits="10"/><line number="88" hits="5"/><line number="90" hits="20"/><line number="91" hits="5"/><line number="93" hits="8"/><line number="94" hits="8"/><line number="96" hits="0"/><line number="97" hits="0"/><line number="98" hits="0"/><line number="101" hits="0"/><line number="103" hits="6"/><line number="104" hits="12"/><line number="105" hits="3"/><line number="106" hits="3"/><line number="107" hits="3"/><line number="109" hits="3"/><line number="112" hits="0"/><line number="113" hits="0"/><line number="116" hits="0"/><line number="118" hits="68"/><line number="119" hits="136"/><line number="120" hits="136"/><line number="121" hits="68"/><line number="122" hits="77"/><line number="124" hits="45"/><line number="129" hits="34"/><line number="139" hits="44"/><line number="141" hits="132"/><line number="142" hits="44"/><line number="148" hits="0"/><line number="149" hits="0"/><line number="155" hits="10"/><line number="157" hits="15"/><line number="158" hits="5"/><line number="160" hits="20"/><line number="161" hits="5"/><line number="163" hits="76"/><line number="164" hits="76"/><line number="166" hits="0"/><line number="167" hits="0"/><line number="170" hits="0"/><line number="171" hits="0"/><line number="174" hits="0"/><line number="175" hits="0"/><line number="177" hits="6"/><line number="178" hits="12"/><line number="179" hits="3"/><line number="180" hits="3"/><line number="181" hits="3"/><line number="183" hits="3"/><line number="185" hits="3"/><line number="187" hits="0"/><line number="188" hits="0"/><line number="191" hits="0"/><line number="192" hits="0"/><line number="194" hits="18"/><line number="195" hits="36"/><line number="196" hits="9"/><line number="197" hits="9"/><line number="198" hits="27"/></lines></class><class name="permission_repository" filename="src/infrastructure/permission_repository.rs" line-rate="0.7627118644067796" branch-rate="0" complexity="0"><methods/><lines><line number="15" hits="4"/><line number="23" hits="2"/><line number="24" hits="6"/><line number="28" hits="6"/><line number="29" hits="6"/><line number="30" hits="4"/><line number="31" hits="2"/><line number="32" hits="2"/><line number="33" hits="0"/><line number="35" hits="2"/><line number="38" hits="4"/><line number="39" hits="16"/><line number="40" hits="8"/><line number="41" hits="4"/><line number="42" hits="4"/><line number="43" hits="0"/><line number="45" hits="4"/><line number="48" hits="4"/><line number="49" hits="12"/><line number="50" hits="12"/><line number="51" hits="8"/><line number="52" hits="4"/><line number="53" hits="4"/><line number="54" hits="0"/><line number="55" hits="0"/><line number="57" hits="4"/><line number="58" hits="0"/><line number="59" hits="0"/><line number="60" hits="0"/><line number="61" hits="4"/><line number="62" hits="0"/><line number="63" hits="0"/><line number="65" hits="4"/><line number="68" hits="2"/><line number="69" hits="6"/><line number="70" hits="6"/><line number="71" hits="6"/><line number="72" hits="4"/><line number="73" hits="2"/><line number="74" hits="2"/><line number="75" hits="0"/><line number="76" hits="0"/><line number="78" hits="2"/><line number="81" hits="4"/><line number="82" hits="12"/><line number="83" hits="12"/><line number="84" hits="12"/><line number="85" hits="8"/><line number="86" hits="4"/><line number="87" hits="4"/><line number="88" hits="0"/><line number="89" hits="0"/><line number="91" hits="4"/><line number="94" hits="6"/><line number="98" hits="18"/><line number="99" hits="18"/><line number="100" hits="12"/><line number="101" hits="6"/><line number="102" hits="0"/></lines></class><class name="user_repository" filename="src/infrastructure/user_repository.rs" line-rate="0.56" branch-rate="0" complexity="0"><methods/><lines><line number="29" hits="54"/><line number="30" hits="429"/><line number="37" hits="40"/><line number="38" hits="80"/><line number="47" hits="4"/><line number="57" hits="12"/><line number="61" hits="18"/><line number="62" hits="12"/><line number="63" hits="6"/><line number="71" hits="0"/><line number="72" hits="0"/><line number="73" hits="0"/><line number="77" hits="4"/><line number="79" hits="4"/><line number="80" hits="8"/><line number="81" hits="8"/><line number="82" hits="8"/><line number="83" hits="4"/><line number="84" hits="4"/><line number="104" hits="0"/><line number="118" hits="0"/><line number="119" hits="0"/><line number="120" hits="0"/><line number="121" hits="0"/><line number="122" hits="0"/><line number="123" hits="0"/><line number="124" hits="0"/><line number="126" hits="0"/><line number="127" hits="0"/><line number="128" hits="0"/><line number="129" hits="0"/><line number="130" hits="0"/><line number="131" hits="0"/><line number="133" hits="0"/><line number="137" hits="0"/><line number="138" hits="0"/><line number="139" hits="0"/><line number="140" hits="0"/><line number="150" hits="42"/><line number="152" hits="126"/><line number="153" hits="42"/><line number="164" hits="18"/><line number="165" hits="6"/><line number="167" hits="4"/><line number="168" hits="8"/><line number="169" hits="2"/><line number="171" hits="12"/><line number="172" hits="24"/><line number="173" hits="24"/><line number="174" hits="10"/></lines></class></classes></package><package name="src/interface" line-rate="0.6146496815286624" branch-rate="0" complexity="0"><classes><class name="http_handlers" filename="src/interface/http_handlers.rs" line-rate="0.6146496815286624" branch-rate="0" complexity="0"><methods/><lines><line number="25" hits="34"/><line number="26" hits="33"/><line number="27" hits="17"/><line number="29" hits="65"/><line number="30" hits="49"/><line number="31" hits="35"/><line number="32" hits="0"/><line number="45" hits="2"/><line number="46" hits="2"/><line number="47" hits="1"/><line number="49" hits="4"/><line number="50" hits="2"/><line number="52" hits="1"/><line number="54" hits="0"/><line number="58" hits="0"/><line number="59" hits="0"/><line number="63" hits="0"/><line number="64" hits="0"/><line number="67" hits="0"/><line number="68" hits="0"/><line number="69" hits="0"/><line number="71" hits="0"/><line number="74" hits="0"/><line number="91" hits="4"/><line number="95" hits="2"/><line number="97" hits="4"/><line number="98" hits="2"/><line number="100" hits="6"/><line number="101" hits="4"/><line number="103" hits="4"/><line number="104" hits="4"/><line number="105" hits="4"/><line number="106" hits="4"/><line number="107" hits="4"/><line number="108" hits="2"/><line number="110" hits="2"/><line number="111" hits="2"/><line number="112" hits="1"/><line number="113" hits="0"/><line number="114" hits="0"/><line number="115" hits="0"/><line number="116" hits="0"/><line number="120" hits="1"/><line number="121" hits="1"/><line number="123" hits="1"/><line number="124" hits="1"/><line number="143" hits="2"/><line number="147" hits="3"/><line number="148" hits="1"/><line number="149" hits="0"/><line number="150" hits="0"/><line number="151" hits="0"/><line number="152" hits="0"/><line number="155" hits="1"/><line number="156" hits="1"/><line number="157" hits="1"/><line number="158" hits="1"/><line number="176" hits="2"/><line number="180" hits="3"/><line number="181" hits="1"/><line number="182" hits="0"/><line number="183" hits="0"/><line number="184" hits="0"/><line number="185" hits="0"/><line number="186" hits="0"/><line number="187" hits="0"/><line number="188" hits="0"/><line number="189" hits="0"/><line number="190" hits="0"/><line number="191" hits="0"/><line number="193" hits="0"/><line number="195" hits="0"/><line number="196" hits="0"/><line number="197" hits="0"/><line number="200" hits="0"/><line number="201" hits="0"/><line number="202" hits="0"/><line number="207" hits="0"/><line number="210" hits="1"/><line number="211" hits="1"/><line number="212" hits="1"/><line number="230" hits="2"/><line number="234" hits="3"/><line number="235" hits="1"/><line number="236" hits="0"/><line number="237" hits="0"/><line number="238" hits="0"/><line number="240" hits="1"/><line number="241" hits="1"/><line number="242" hits="1"/><line number="264" hits="2"/><line number="270" hits="3"/><line number="271" hits="2"/><line number="272" hits="3"/><line number="273" hits="1"/><line number="275" hits="1"/><line number="276" hits="1"/><line number="277" hits="1"/><line number="278" hits="1"/><line number="280" hits="0"/><line number="282" hits="0"/><line number="284" hits="0"/><line number="285" hits="0"/><line number="286" hits="0"/><line number="287" hits="0"/><line number="288" hits="0"/><line number="304" hits="3"/><line number="305" hits="2"/><line number="306" hits="0"/><line number="308" hits="0"/><line number="309" hits="0"/><line number="310" hits="0"/><line number="311" hits="0"/><line number="314" hits="0"/><line number="328" hits="2"/><line number="333" hits="3"/><line number="334" hits="2"/><line number="335" hits="3"/><line number="336" hits="1"/><line number="338" hits="1"/><line number="339" hits="1"/><line number="340" hits="1"/><line number="341" hits="1"/><line number="343" hits="0"/><line number="345" hits="0"/><line number="346" hits="0"/><line number="361" hits="2"/><line number="366" hits="3"/><line number="367" hits="2"/><line number="368" hits="3"/><line number="369" hits="1"/><line number="371" hits="1"/><line number="372" hits="1"/><line number="373" hits="1"/><line number="374" hits="1"/><line number="376" hits="0"/><line number="378" hits="0"/><line number="379" hits="0"/><line number="380" hits="0"/><line number="381" hits="0"/><line number="382" hits="0"/><line number="397" hits="2"/><line number="402" hits="3"/><line number="403" hits="2"/><line number="404" hits="3"/><line number="405" hits="1"/><line number="407" hits="1"/><line number="408" hits="1"/><line number="409" hits="1"/><line number="410" hits="1"/><line number="412" hits="0"/><line number="414" hits="0"/><line number="415" hits="0"/><line number="416" hits="0"/><line number="417" hits="0"/><line number="418" hits="0"/><line number="433" hits="2"/><line number="438" hits="3"/><line number="439" hits="2"/><line number="440" hits="3"/><line number="441" hits="1"/><line number="443" hits="1"/><line number="444" hits="1"/><line number="445" hits="1"/><line number="446" hits="1"/><line number="448" hits="0"/><line number="450" hits="0"/><line number="451" hits="0"/><line number="452" hits="0"/><line number="453" hits="0"/><line number="456" hits="0"/><line number="457" hits="0"/><line number="458" hits="0"/><line number="459" hits="0"/><line number="475" hits="3"/><line number="476" hits="2"/><line number="477" hits="1"/><line number="479" hits="1"/><line number="481" hits="0"/><line number="483" hits="0"/><line number="484" hits="0"/><line number="485" hits="0"/><line number="488" hits="0"/><line number="502" hits="2"/><line number="507" hits="3"/><line number="508" hits="2"/><line number="509" hits="3"/><line number="510" hits="1"/><line number="512" hits="1"/><line number="513" hits="1"/><line number="514" hits="1"/><line number="515" hits="1"/><line number="517" hits="0"/><line number="519" hits="0"/><line number="520" hits="0"/><line number="521" hits="0"/><line number="522" hits="0"/><line number="524" hits="0"/><line number="539" hits="2"/><line number="544" hits="3"/><line number="545" hits="2"/><line number="546" hits="3"/><line number="547" hits="1"/><line number="549" hits="1"/><line number="550" hits="1"/><line number="551" hits="1"/><line number="552" hits="1"/><line number="554" hits="0"/><line number="556" hits="0"/><line number="557" hits="0"/><line number="558" hits="0"/><line number="559" hits="0"/><line number="561" hits="0"/><line number="576" hits="2"/><line number="581" hits="3"/><line number="582" hits="2"/><line number="583" hits="3"/><line number="584" hits="1"/><line number="586" hits="1"/><line number="587" hits="1"/><line number="588" hits="1"/><line number="589" hits="1"/><line number="591" hits="0"/><line number="593" hits="0"/><line number="594" hits="0"/><line number="595" hits="0"/><line number="596" hits="0"/><line number="598" hits="0"/><line number="615" hits="4"/><line number="620" hits="6"/><line number="621" hits="4"/><line number="622" hits="6"/><line number="623" hits="2"/><line number="625" hits="2"/><line number="626" hits="1"/><line number="627" hits="1"/><line number="628" hits="1"/><line number="630" hits="0"/><line number="632" hits="3"/><line number="633" hits="2"/><line number="634" hits="2"/><line number="635" hits="0"/><line number="636" hits="0"/><line number="638" hits="0"/><line number="639" hits="0"/><line number="641" hits="0"/><line number="642" hits="1"/><line number="643" hits="1"/><line number="644" hits="1"/><line number="648" hits="0"/><line number="649" hits="0"/><line number="653" hits="2"/><line number="655" hits="1"/><line number="656" hits="1"/><line number="657" hits="1"/><line number="661" hits="1"/><line number="671" hits="2"/><line number="684" hits="4"/><line number="688" hits="6"/><line number="689" hits="4"/><line number="690" hits="6"/><line number="691" hits="2"/><line number="693" hits="2"/><line number="694" hits="1"/><line number="695" hits="1"/><line number="696" hits="1"/><line number="698" hits="0"/><line number="700" hits="2"/><line number="701" hits="1"/><line number="703" hits="1"/><line number="706" hits="1"/><line number="727" hits="2"/><line number="741" hits="4"/><line number="746" hits="6"/><line number="747" hits="4"/><line number="748" hits="6"/><line number="749" hits="2"/><line number="751" hits="2"/><line number="752" hits="1"/><line number="753" hits="1"/><line number="754" hits="1"/><line number="756" hits="0"/><line number="758" hits="2"/><line number="759" hits="2"/><line number="760" hits="1"/><line number="761" hits="1"/><line number="763" hits="1"/><line number="778" hits="4"/><line number="783" hits="6"/><line number="784" hits="4"/><line number="785" hits="6"/><line number="786" hits="2"/><line number="788" hits="2"/><line number="789" hits="1"/><line number="790" hits="1"/><line number="791" hits="1"/><line number="793" hits="0"/><line number="795" hits="2"/><line number="796" hits="1"/><line number="797" hits="2"/><line number="798" hits="2"/><line number="799" hits="2"/><line number="800" hits="1"/><line number="802" hits="0"/><line number="803" hits="0"/><line number="804" hits="0"/><line number="805" hits="0"/><line number="806" hits="0"/><line number="808" hits="0"/><line number="810" hits="0"/><line number="811" hits="1"/><line number="812" hits="0"/><line number="813" hits="0"/><line number="814" hits="0"/></lines></class></classes></package></packages></coverage>